c:\users\alex\documents\ac\grap\a2\asteroid\gamedev2d-assignment1\intermediate files\gamedev2d-gam1544\debug\gamedev2d-gam1544.pch
c:\users\alex\documents\ac\grap\a2\asteroid\gamedev2d-assignment1\intermediate files\gamedev2d-gam1544\debug\vc143.pdb
c:\users\alex\documents\ac\grap\a2\asteroid\gamedev2d-assignment1\intermediate files\gamedev2d-gam1544\debug\vc143.idb
c:\users\alex\documents\ac\grap\a2\asteroid\gamedev2d-assignment1\intermediate files\gamedev2d-gam1544\debug\stdafx.obj
c:\users\alex\documents\ac\grap\a2\asteroid\gamedev2d-assignment1\intermediate files\gamedev2d-gam1544\debug\color.obj
c:\users\alex\documents\ac\grap\a2\asteroid\gamedev2d-assignment1\intermediate files\gamedev2d-gam1544\debug\camera.obj
c:\users\alex\documents\ac\grap\a2\asteroid\gamedev2d-assignment1\intermediate files\gamedev2d-gam1544\debug\buffer.obj
c:\users\alex\documents\ac\grap\a2\asteroid\gamedev2d-assignment1\intermediate files\gamedev2d-gam1544\debug\animatedsprite.obj
c:\users\alex\documents\ac\grap\a2\asteroid\gamedev2d-assignment1\intermediate files\gamedev2d-gam1544\debug\gamedev2d.obj
c:\users\alex\documents\ac\grap\a2\asteroid\gamedev2d-assignment1\intermediate files\gamedev2d-gam1544\debug\profile.obj
c:\users\alex\documents\ac\grap\a2\asteroid\gamedev2d-assignment1\intermediate files\gamedev2d-gam1544\debug\log.obj
c:\users\alex\documents\ac\grap\a2\asteroid\gamedev2d-assignment1\intermediate files\gamedev2d-gam1544\debug\transformable.obj
c:\users\alex\documents\ac\grap\a2\asteroid\gamedev2d-assignment1\intermediate files\gamedev2d-gam1544\debug\linesegment.obj
c:\users\alex\documents\ac\grap\a2\asteroid\gamedev2d-assignment1\intermediate files\gamedev2d-gam1544\debug\aabb.obj
c:\users\alex\documents\ac\grap\a2\asteroid\gamedev2d-assignment1\intermediate files\gamedev2d-gam1544\debug\gamepad.obj
c:\users\alex\documents\ac\grap\a2\asteroid\gamedev2d-assignment1\intermediate files\gamedev2d-gam1544\debug\spriterenderer.obj
c:\users\alex\documents\ac\grap\a2\asteroid\gamedev2d-assignment1\intermediate files\gamedev2d-gam1544\debug\irenderer.obj
c:\users\alex\documents\ac\grap\a2\asteroid\gamedev2d-assignment1\intermediate files\gamedev2d-gam1544\debug\pointrenderer.obj
c:\users\alex\documents\ac\grap\a2\asteroid\gamedev2d-assignment1\intermediate files\gamedev2d-gam1544\debug\linerenderer.obj
c:\users\alex\documents\ac\grap\a2\asteroid\gamedev2d-assignment1\intermediate files\gamedev2d-gam1544\debug\circlerenderer.obj
c:\users\alex\documents\ac\grap\a2\asteroid\gamedev2d-assignment1\intermediate files\gamedev2d-gam1544\debug\audio.obj
c:\users\alex\documents\ac\grap\a2\asteroid\gamedev2d-assignment1\intermediate files\gamedev2d-gam1544\debug\gameloop.obj
c:\users\alex\documents\ac\grap\a2\asteroid\gamedev2d-assignment1\intermediate files\gamedev2d-gam1544\debug\bullet.obj
c:\users\alex\documents\ac\grap\a2\asteroid\gamedev2d-assignment1\intermediate files\gamedev2d-gam1544\debug\asteroid.obj
c:\users\alex\documents\ac\grap\a2\asteroid\gamedev2d-assignment1\intermediate files\gamedev2d-gam1544\debug\png.obj
c:\users\alex\documents\ac\grap\a2\asteroid\gamedev2d-assignment1\intermediate files\gamedev2d-gam1544\debug\resourcemanager.obj
c:\users\alex\documents\ac\grap\a2\asteroid\gamedev2d-assignment1\intermediate files\gamedev2d-gam1544\debug\inputmanager.obj
c:\users\alex\documents\ac\grap\a2\asteroid\gamedev2d-assignment1\intermediate files\gamedev2d-gam1544\debug\graphics.obj
c:\users\alex\documents\ac\grap\a2\asteroid\gamedev2d-assignment1\intermediate files\gamedev2d-gam1544\debug\debugui.obj
c:\users\alex\documents\ac\grap\a2\asteroid\gamedev2d-assignment1\intermediate files\gamedev2d-gam1544\debug\audioengine.obj
c:\users\alex\documents\ac\grap\a2\asteroid\gamedev2d-assignment1\intermediate files\gamedev2d-gam1544\debug\vector2.obj
c:\users\alex\documents\ac\grap\a2\asteroid\gamedev2d-assignment1\intermediate files\gamedev2d-gam1544\debug\random.obj
c:\users\alex\documents\ac\grap\a2\asteroid\gamedev2d-assignment1\intermediate files\gamedev2d-gam1544\debug\matrix.obj
c:\users\alex\documents\ac\grap\a2\asteroid\gamedev2d-assignment1\intermediate files\gamedev2d-gam1544\debug\math.obj
c:\users\alex\documents\ac\grap\a2\asteroid\gamedev2d-assignment1\intermediate files\gamedev2d-gam1544\debug\mouse.obj
c:\users\alex\documents\ac\grap\a2\asteroid\gamedev2d-assignment1\intermediate files\gamedev2d-gam1544\debug\keyboard.obj
c:\users\alex\documents\ac\grap\a2\asteroid\gamedev2d-assignment1\intermediate files\gamedev2d-gam1544\debug\vertexarray.obj
c:\users\alex\documents\ac\grap\a2\asteroid\gamedev2d-assignment1\intermediate files\gamedev2d-gam1544\debug\texture.obj
c:\users\alex\documents\ac\grap\a2\asteroid\gamedev2d-assignment1\intermediate files\gamedev2d-gam1544\debug\spritefont.obj
c:\users\alex\documents\ac\grap\a2\asteroid\gamedev2d-assignment1\intermediate files\gamedev2d-gam1544\debug\spriteatlas.obj
c:\users\alex\documents\ac\grap\a2\asteroid\gamedev2d-assignment1\intermediate files\gamedev2d-gam1544\debug\sprite.obj
c:\users\alex\documents\ac\grap\a2\asteroid\gamedev2d-assignment1\intermediate files\gamedev2d-gam1544\debug\shader.obj
c:\users\alex\documents\ac\grap\a2\asteroid\gamedev2d-assignment1\intermediate files\gamedev2d-gam1544\debug\batchrenderer.obj
c:\users\alex\documents\ac\grap\a2\asteroid\gamedev2d-assignment1\intermediate files\gamedev2d-gam1544\debug\font.obj
c:\users\alex\documents\ac\grap\a2\asteroid\gamedev2d-assignment1\intermediate files\gamedev2d-gam1544\debug\player.obj
c:\users\alex\documents\ac\grap\a2\asteroid\gamedev2d-assignment1\intermediate files\gamedev2d-gam1544\debug\main.obj
c:\users\alex\documents\ac\grap\a2\asteroid\gamedev2d-assignment1\intermediate files\gamedev2d-gam1544\debug\stb_image.obj
c:\users\alex\documents\ac\grap\a2\asteroid\gamedev2d-assignment1\intermediate files\gamedev2d-gam1544\debug\json_writer.obj
c:\users\alex\documents\ac\grap\a2\asteroid\gamedev2d-assignment1\intermediate files\gamedev2d-gam1544\debug\json_value.obj
c:\users\alex\documents\ac\grap\a2\asteroid\gamedev2d-assignment1\intermediate files\gamedev2d-gam1544\debug\json_reader.obj
c:\users\alex\documents\ac\grap\a2\asteroid\gamedev2d-assignment1\intermediate files\gamedev2d-gam1544\debug\hardwareinfo.obj
c:\users\alex\documents\ac\grap\a2\asteroid\gamedev2d-assignment1\intermediate files\gamedev2d-gam1544\debug\gamewindow.obj
c:\users\alex\documents\ac\grap\a2\asteroid\gamedev2d-assignment1\intermediate files\gamedev2d-gam1544\debug\filesystem.obj
c:\users\alex\documents\ac\grap\a2\asteroid\gamedev2d-assignment1\intermediate files\gamedev2d-gam1544\debug\config.obj
c:\users\alex\documents\ac\grap\a2\asteroid\gamedev2d-assignment1\intermediate files\gamedev2d-gam1544\debug\application.obj
c:\users\alex\documents\ac\grap\a2\asteroid\gamedev2d-assignment1\intermediate files\gamedev2d-gam1544\debug\wave.obj
c:\users\alex\documents\ac\grap\a2\asteroid\gamedev2d-assignment1\intermediate files\gamedev2d-gam1544\debug\text.obj
c:\users\alex\documents\ac\grap\a2\asteroid\gamedev2d-assignment1\intermediate files\gamedev2d-gam1544\debug\game.obj
c:\users\alex\documents\ac\grap\a2\asteroid\gamedev2d-assignment1\intermediate files\gamedev2d-gam1544\debug\glad.obj
c:\users\alex\documents\ac\grap\a2\asteroid\gamedev2d-assignment1\intermediate files\gamedev2d-gam1544\debug\collision.obj
c:\users\alex\documents\ac\grap\a2\asteroid\gamedev2d-assignment1\intermediate files\gamedev2d-gam1544\debug\shield.obj
c:\users\alex\documents\ac\grap\a2\asteroid\gamedev2d-assignment1\intermediate files\gamedev2d-gam1544\debug\gamedev2d-gam1544.ilk
c:\users\alex\documents\ac\grap\a2\asteroid\gamedev2d-assignment1\builds\gamedev2d-gam1544\debug\gamedev2d-gam1544.pdb
c:\users\alex\documents\ac\grap\a2\asteroid\gamedev2d-assignment1\intermediate files\gamedev2d-gam1544\debug\gamedev2d.vcxproj.filelistabsolute.txt
c:\users\alex\documents\ac\grap\a2\asteroid\gamedev2d-assignment1\intermediate files\gamedev2d-gam1544\debug\gamedev2.5b4f3ae6.tlog\cl.command.1.tlog
c:\users\alex\documents\ac\grap\a2\asteroid\gamedev2d-assignment1\intermediate files\gamedev2d-gam1544\debug\gamedev2.5b4f3ae6.tlog\cl.items.tlog
c:\users\alex\documents\ac\grap\a2\asteroid\gamedev2d-assignment1\intermediate files\gamedev2d-gam1544\debug\gamedev2.5b4f3ae6.tlog\cl.read.1.tlog
c:\users\alex\documents\ac\grap\a2\asteroid\gamedev2d-assignment1\intermediate files\gamedev2d-gam1544\debug\gamedev2.5b4f3ae6.tlog\cl.write.1.tlog
c:\users\alex\documents\ac\grap\a2\asteroid\gamedev2d-assignment1\intermediate files\gamedev2d-gam1544\debug\gamedev2.5b4f3ae6.tlog\link-cvtres.read.1.tlog
c:\users\alex\documents\ac\grap\a2\asteroid\gamedev2d-assignment1\intermediate files\gamedev2d-gam1544\debug\gamedev2.5b4f3ae6.tlog\link-cvtres.write.1.tlog
c:\users\alex\documents\ac\grap\a2\asteroid\gamedev2d-assignment1\intermediate files\gamedev2d-gam1544\debug\gamedev2.5b4f3ae6.tlog\link-rc.read.1.tlog
c:\users\alex\documents\ac\grap\a2\asteroid\gamedev2d-assignment1\intermediate files\gamedev2d-gam1544\debug\gamedev2.5b4f3ae6.tlog\link-rc.write.1.tlog
c:\users\alex\documents\ac\grap\a2\asteroid\gamedev2d-assignment1\intermediate files\gamedev2d-gam1544\debug\gamedev2.5b4f3ae6.tlog\link.12584-cvtres.read.1.tlog
c:\users\alex\documents\ac\grap\a2\asteroid\gamedev2d-assignment1\intermediate files\gamedev2d-gam1544\debug\gamedev2.5b4f3ae6.tlog\link.12584-cvtres.write.1.tlog
c:\users\alex\documents\ac\grap\a2\asteroid\gamedev2d-assignment1\intermediate files\gamedev2d-gam1544\debug\gamedev2.5b4f3ae6.tlog\link.12584-rc.read.1.tlog
c:\users\alex\documents\ac\grap\a2\asteroid\gamedev2d-assignment1\intermediate files\gamedev2d-gam1544\debug\gamedev2.5b4f3ae6.tlog\link.12584-rc.write.1.tlog
c:\users\alex\documents\ac\grap\a2\asteroid\gamedev2d-assignment1\intermediate files\gamedev2d-gam1544\debug\gamedev2.5b4f3ae6.tlog\link.12584.read.1.tlog
c:\users\alex\documents\ac\grap\a2\asteroid\gamedev2d-assignment1\intermediate files\gamedev2d-gam1544\debug\gamedev2.5b4f3ae6.tlog\link.12584.write.1.tlog
c:\users\alex\documents\ac\grap\a2\asteroid\gamedev2d-assignment1\intermediate files\gamedev2d-gam1544\debug\gamedev2.5b4f3ae6.tlog\link.command.1.tlog
c:\users\alex\documents\ac\grap\a2\asteroid\gamedev2d-assignment1\intermediate files\gamedev2d-gam1544\debug\gamedev2.5b4f3ae6.tlog\link.read.1.tlog
c:\users\alex\documents\ac\grap\a2\asteroid\gamedev2d-assignment1\intermediate files\gamedev2d-gam1544\debug\gamedev2.5b4f3ae6.tlog\link.secondary.1.tlog
c:\users\alex\documents\ac\grap\a2\asteroid\gamedev2d-assignment1\intermediate files\gamedev2d-gam1544\debug\gamedev2.5b4f3ae6.tlog\link.write.1.tlog
